\BOOKMARK [1][-]{section.1}{Introduzione}{}% 1
\BOOKMARK [2][-]{subsection.1.1}{Scopo del Documento}{section.1}% 2
\BOOKMARK [2][-]{subsection.1.2}{Scopo del Progetto}{section.1}% 3
\BOOKMARK [2][-]{subsection.1.3}{Glossario}{section.1}% 4
\BOOKMARK [2][-]{subsection.1.4}{Riferimenti}{section.1}% 5
\BOOKMARK [3][-]{subsubsection.1.4.1}{Normativi}{subsection.1.4}% 6
\BOOKMARK [1][-]{section.2}{Collaborazioni}{}% 7
\BOOKMARK [2][-]{subsection.2.1}{Comunicazioni}{section.2}% 8
\BOOKMARK [3][-]{subsubsection.2.1.1}{Comunicazioni interne}{subsection.2.1}% 9
\BOOKMARK [3][-]{subsubsection.2.1.2}{Comunicazioni esterne}{subsection.2.1}% 10
\BOOKMARK [2][-]{subsection.2.2}{Composizione email}{section.2}% 11
\BOOKMARK [3][-]{subsubsection.2.2.1}{Mittente}{subsection.2.2}% 12
\BOOKMARK [3][-]{subsubsection.2.2.2}{Destinatario}{subsection.2.2}% 13
\BOOKMARK [3][-]{subsubsection.2.2.3}{Oggetto}{subsection.2.2}% 14
\BOOKMARK [3][-]{subsubsection.2.2.4}{Corpo}{subsection.2.2}% 15
\BOOKMARK [3][-]{subsubsection.2.2.5}{Allegati}{subsection.2.2}% 16
\BOOKMARK [2][-]{subsection.2.3}{Riunioni}{section.2}% 17
\BOOKMARK [3][-]{subsubsection.2.3.1}{Interne}{subsection.2.3}% 18
\BOOKMARK [3][-]{subsubsection.2.3.2}{Esterne}{subsection.2.3}% 19
\BOOKMARK [2][-]{subsection.2.4}{Verbale}{section.2}% 20
\BOOKMARK [2][-]{subsection.2.5}{Repository}{section.2}% 21
\BOOKMARK [3][-]{subsubsection.2.5.1}{Utilizzo del servizio}{subsection.2.5}% 22
\BOOKMARK [3][-]{subsubsection.2.5.2}{Struttura}{subsection.2.5}% 23
\BOOKMARK [1][-]{section.3}{Documenti}{}% 24
\BOOKMARK [2][-]{subsection.3.1}{Template}{section.3}% 25
\BOOKMARK [2][-]{subsection.3.2}{Versionamento}{section.3}% 26
\BOOKMARK [2][-]{subsection.3.3}{Struttura dei documenti}{section.3}% 27
\BOOKMARK [3][-]{subsubsection.3.3.1}{Prima pagina}{subsection.3.3}% 28
\BOOKMARK [3][-]{subsubsection.3.3.2}{Diario delle modifiche}{subsection.3.3}% 29
\BOOKMARK [3][-]{subsubsection.3.3.3}{Indice}{subsection.3.3}% 30
\BOOKMARK [3][-]{subsubsection.3.3.4}{Formattazione delle pagine}{subsection.3.3}% 31
\BOOKMARK [2][-]{subsection.3.4}{Classificazione documenti}{section.3}% 32
\BOOKMARK [3][-]{subsubsection.3.4.1}{Documenti informali}{subsection.3.4}% 33
\BOOKMARK [3][-]{subsubsection.3.4.2}{Documenti formali}{subsection.3.4}% 34
\BOOKMARK [2][-]{subsection.3.5}{Norme tipografiche}{section.3}% 35
\BOOKMARK [3][-]{subsubsection.3.5.1}{Punteggiatura}{subsection.3.5}% 36
\BOOKMARK [3][-]{subsubsection.3.5.2}{Stile del testo}{subsection.3.5}% 37
\BOOKMARK [3][-]{subsubsection.3.5.3}{Composizione del testo}{subsection.3.5}% 38
\BOOKMARK [3][-]{subsubsection.3.5.4}{Formati ricorrenti}{subsection.3.5}% 39
\BOOKMARK [3][-]{subsubsection.3.5.5}{Sigle}{subsection.3.5}% 40
\BOOKMARK [2][-]{subsection.3.6}{Componenti grafiche}{section.3}% 41
\BOOKMARK [3][-]{subsubsection.3.6.1}{Immagini}{subsection.3.6}% 42
\BOOKMARK [3][-]{subsubsection.3.6.2}{Tabelle}{subsection.3.6}% 43
\BOOKMARK [2][-]{subsection.3.7}{Procedure di avanzamento di un documento}{section.3}% 44
